This is pdfTeXk, Version 3.141592-1.40.3 (Web2C 7.5.6) (format=latex 2008.4.29)  15 JUL 2008 11:33
entering extended mode
 %&-line parsing enabled.
**tesi.tex
(./tesi.tex
LaTeX2e <2005/12/01>
Babel <v3.8h> and hyphenation patterns for english, usenglishmax, dumylang, noh
yphenation, croatian, ukrainian, russian, bulgarian, czech, slovak, danish, dut
ch, finnish, basque, french, german, ngerman, ibycus, greek, monogreek, ancient
greek, hungarian, italian, latin, mongolian, norsk, icelandic, interlingua, tur
kish, coptic, romanian, welsh, serbian, slovenian, estonian, esperanto, upperso
rbian, indonesian, polish, portuguese, spanish, catalan, galician, swedish, loa
ded.
(/usr/share/texmf-texlive/tex/latex/base/report.cls
Document Class: report 2005/09/16 v1.4f Standard LaTeX document class
(/usr/share/texmf-texlive/tex/latex/base/size12.clo
File: size12.clo 2005/09/16 v1.4f Standard LaTeX file (size option)
)
\c@part=\count79
\c@chapter=\count80
\c@section=\count81
\c@subsection=\count82
\c@subsubsection=\count83
\c@paragraph=\count84
\c@subparagraph=\count85
\c@figure=\count86
\c@table=\count87
\abovecaptionskip=\skip41
\belowcaptionskip=\skip42
\bibindent=\dimen102
)
(/usr/share/texmf-texlive/tex/generic/babel/babel.sty
Package: babel 2005/11/23 v3.8h The Babel package

(/usr/share/texmf-texlive/tex/generic/babel/italian.ldf
Language: italian 2005/11/17 v1.2r Italian support from the babel system

(/usr/share/texmf-texlive/tex/generic/babel/babel.def
File: babel.def 2005/11/23 v3.8h Babel common definitions
\babel@savecnt=\count88
\U@D=\dimen103
)
Package babel Info: Making " an active character on input line 91.
))
(/usr/share/texmf-texlive/tex/latex/base/inputenc.sty
Package: inputenc 2006/05/05 v1.1b Input encoding file
\inpenc@prehook=\toks14
\inpenc@posthook=\toks15

(/usr/share/texmf-texlive/tex/latex/base/latin1.def
File: latin1.def 2006/05/05 v1.1b Input encoding file
))
(/usr/share/texmf-texlive/tex/latex/base/fontenc.sty
Package: fontenc 2005/09/27 v1.99g Standard LaTeX package

(/usr/share/texmf-texlive/tex/latex/base/t1enc.def
File: t1enc.def 2005/09/27 v1.99g Standard LaTeX file
LaTeX Font Info:    Redeclaring font encoding T1 on input line 43.
))
(/usr/share/texmf-texlive/tex/latex/fancyhdr/fancyhdr.sty
\fancy@headwidth=\skip43
\f@ncyO@elh=\skip44
\f@ncyO@erh=\skip45
\f@ncyO@olh=\skip46
\f@ncyO@orh=\skip47
\f@ncyO@elf=\skip48
\f@ncyO@erf=\skip49
\f@ncyO@olf=\skip50
\f@ncyO@orf=\skip51
)
(/usr/share/texmf-texlive/tex/latex/tools/indentfirst.sty
Package: indentfirst 1995/11/23 v1.03 Indent first paragraph (DPC)
)
(/usr/share/texmf-texlive/tex/latex/graphics/graphicx.sty
Package: graphicx 1999/02/16 v1.0f Enhanced LaTeX Graphics (DPC,SPQR)

(/usr/share/texmf-texlive/tex/latex/graphics/keyval.sty
Package: keyval 1999/03/16 v1.13 key=value parser (DPC)
\KV@toks@=\toks16
)
(/usr/share/texmf-texlive/tex/latex/graphics/graphics.sty
Package: graphics 2006/02/20 v1.0o Standard LaTeX Graphics (DPC,SPQR)

(/usr/share/texmf-texlive/tex/latex/graphics/trig.sty
Package: trig 1999/03/16 v1.09 sin cos tan (DPC)
)
(/etc/texmf/tex/latex/config/graphics.cfg
File: graphics.cfg 2007/01/18 v1.5 graphics configuration of teTeX/TeXLive
)
Package graphics Info: Driver file: dvips.def on input line 90.

(/usr/share/texmf-texlive/tex/latex/graphics/dvips.def
File: dvips.def 1999/02/16 v3.0i Driver-dependant file (DPC,SPQR)
))
\Gin@req@height=\dimen104
\Gin@req@width=\dimen105
)
(/usr/share/texmf-texlive/tex/latex/base/newlfont.sty
Package: newlfont 1998/08/17 v2.2m Standard LaTeX package
LaTeX Info: Redefining \em on input line 67.

(/usr/share/texmf-texlive/tex/latex/base/latexsym.sty
Package: latexsym 1998/08/17 v2.2e Standard LaTeX package (lasy symbols)
\symlasy=\mathgroup4
LaTeX Font Info:    Overwriting symbol font `lasy' in version `bold'
(Font)                  U/lasy/m/n --> U/lasy/b/n on input line 47.
))
(/usr/share/texmf-texlive/tex/latex/amsfonts/amssymb.sty
Package: amssymb 2002/01/22 v2.2d

(/usr/share/texmf-texlive/tex/latex/amsfonts/amsfonts.sty
Package: amsfonts 2001/10/25 v2.2f
\@emptytoks=\toks17
\symAMSa=\mathgroup5
\symAMSb=\mathgroup6
LaTeX Font Info:    Overwriting math alphabet `\mathfrak' in version `bold'
(Font)                  U/euf/m/n --> U/euf/b/n on input line 132.
))
(/usr/share/texmf-texlive/tex/latex/amsmath/amsmath.sty
Package: amsmath 2000/07/18 v2.13 AMS math features
\@mathmargin=\skip52

For additional information on amsmath, use the `?' option.
(/usr/share/texmf-texlive/tex/latex/amsmath/amstext.sty
Package: amstext 2000/06/29 v2.01

(/usr/share/texmf-texlive/tex/latex/amsmath/amsgen.sty
File: amsgen.sty 1999/11/30 v2.0
\@emptytoks=\toks18
\ex@=\dimen106
))
(/usr/share/texmf-texlive/tex/latex/amsmath/amsbsy.sty
Package: amsbsy 1999/11/29 v1.2d
\pmbraise@=\dimen107
)
(/usr/share/texmf-texlive/tex/latex/amsmath/amsopn.sty
Package: amsopn 1999/12/14 v2.01 operator names
)
\inf@bad=\count89
LaTeX Info: Redefining \frac on input line 211.
\uproot@=\count90
\leftroot@=\count91
LaTeX Info: Redefining \overline on input line 307.
\classnum@=\count92
\DOTSCASE@=\count93
LaTeX Info: Redefining \ldots on input line 379.
LaTeX Info: Redefining \dots on input line 382.
LaTeX Info: Redefining \cdots on input line 467.
\Mathstrutbox@=\box26
\strutbox@=\box27
\big@size=\dimen108
LaTeX Font Info:    Redeclaring font encoding OML on input line 567.
LaTeX Font Info:    Redeclaring font encoding OMS on input line 568.
\macc@depth=\count94
\c@MaxMatrixCols=\count95
\dotsspace@=\muskip10
\c@parentequation=\count96
\dspbrk@lvl=\count97
\tag@help=\toks19
\row@=\count98
\column@=\count99
\maxfields@=\count100
\andhelp@=\toks20
\eqnshift@=\dimen109
\alignsep@=\dimen110
\tagshift@=\dimen111
\tagwidth@=\dimen112
\totwidth@=\dimen113
\lineht@=\dimen114
\@envbody=\toks21
\multlinegap=\skip53
\multlinetaggap=\skip54
\mathdisplay@stack=\toks22
LaTeX Info: Redefining \[ on input line 2666.
LaTeX Info: Redefining \] on input line 2667.
)
(/usr/share/texmf-texlive/tex/latex/amscls/amsthm.sty
Package: amsthm 2004/08/06 v2.20
\thm@style=\toks23
\thm@bodyfont=\toks24
\thm@headfont=\toks25
\thm@notefont=\toks26
\thm@headpunct=\toks27
\thm@preskip=\skip55
\thm@postskip=\skip56
\thm@headsep=\skip57
\dth@everypar=\toks28
)
(/usr/share/texmf-texlive/tex/latex/tools/multicol.sty
Package: multicol 2006/05/18 v1.6g multicolumn formatting (FMi)
\c@tracingmulticols=\count101
\mult@box=\box28
\multicol@leftmargin=\dimen115
\c@unbalance=\count102
\c@collectmore=\count103
\doublecol@number=\count104
\multicoltolerance=\count105
\multicolpretolerance=\count106
\full@width=\dimen116
\page@free=\dimen117
\premulticols=\dimen118
\postmulticols=\dimen119
\multicolsep=\skip58
\multicolbaselineskip=\skip59
\partial@page=\box29
\last@line=\box30
\mult@rightbox=\box31
\mult@grightbox=\box32
\mult@gfirstbox=\box33
\mult@firstbox=\box34
\@tempa=\box35
\@tempa=\box36
\@tempa=\box37
\@tempa=\box38
\@tempa=\box39
\@tempa=\box40
\@tempa=\box41
\@tempa=\box42
\@tempa=\box43
\@tempa=\box44
\@tempa=\box45
\@tempa=\box46
\@tempa=\box47
\@tempa=\box48
\@tempa=\box49
\@tempa=\box50
\@tempa=\box51
\c@columnbadness=\count107
\c@finalcolumnbadness=\count108
\last@try=\dimen120
\multicolovershoot=\dimen121
\multicolundershoot=\dimen122
\mult@nat@firstbox=\box52
\colbreak@box=\box53
)
\@indexfile=\write3
\openout3 = `tesi.idx'.


Writing index file tesi.idx
(./tesi.aux

LaTeX Warning: Label `eq1' multiply defined.


LaTeX Warning: Label `eq2' multiply defined.


LaTeX Warning: Label `eq3' multiply defined.


LaTeX Warning: Label `eq4' multiply defined.


LaTeX Warning: Label `eq4' multiply defined.


LaTeX Warning: Label `eq5' multiply defined.


LaTeX Warning: Label `eq6' multiply defined.


LaTeX Warning: Label `eq7' multiply defined.


LaTeX Warning: Label `eq8' multiply defined.


LaTeX Warning: Label `tab:table' multiply defined.


LaTeX Warning: Label `tab:table' multiply defined.


LaTeX Warning: Label `tab:table' multiply defined.


LaTeX Warning: Label `tab:table' multiply defined.


LaTeX Warning: Label `tab:table' multiply defined.

)
\openout1 = `tesi.aux'.

LaTeX Font Info:    Checking defaults for OML/cmm/m/it on input line 33.
LaTeX Font Info:    ... okay on input line 33.
LaTeX Font Info:    Checking defaults for T1/cmr/m/n on input line 33.
LaTeX Font Info:    ... okay on input line 33.
LaTeX Font Info:    Checking defaults for OT1/cmr/m/n on input line 33.
LaTeX Font Info:    ... okay on input line 33.
LaTeX Font Info:    Checking defaults for OMS/cmsy/m/n on input line 33.
LaTeX Font Info:    ... okay on input line 33.
LaTeX Font Info:    Checking defaults for OMX/cmex/m/n on input line 33.
LaTeX Font Info:    ... okay on input line 33.
LaTeX Font Info:    Checking defaults for U/cmr/m/n on input line 33.
LaTeX Font Info:    ... okay on input line 33.
LaTeX Font Info:    Checking defaults for LGR/cmr/m/n on input line 33.
LaTeX Font Info:    Try loading font information for LGR+cmr on input line 33.
 (/usr/share/texmf-texlive/tex/generic/babel/lgrcmr.fd
File: lgrcmr.fd 2001/01/30 v2.2e Greek Computer Modern
)
LaTeX Font Info:    ... okay on input line 33.
 (./tesi.toc
LaTeX Font Info:    Try loading font information for U+lasy on input line 4.

(/usr/share/texmf-texlive/tex/latex/base/ulasy.fd
File: ulasy.fd 1998/08/17 v2.2e LaTeX symbol font definitions
)
LaTeX Font Info:    Try loading font information for U+msa on input line 4.

(/usr/share/texmf-texlive/tex/latex/amsfonts/umsa.fd
File: umsa.fd 2002/01/19 v2.2g AMS font definitions
)
LaTeX Font Info:    Try loading font information for U+msb on input line 4.

(/usr/share/texmf-texlive/tex/latex/amsfonts/umsb.fd
File: umsb.fd 2002/01/19 v2.2g AMS font definitions
) [1


])
\tf@toc=\write4
\openout4 = `tesi.toc'.



Package Fancyhdr Warning: \headheight is too small (12.0pt): 
 Make it at least 14.49998pt.
 We now make it that large for the rest of the document.
 This may cause the page layout to be inconsistent, however.

[2]
LaTeX Font Info:    Try loading font information for T1+cmtt on input line 48.
 (/usr/share/texmf-texlive/tex/latex/base/t1cmtt.fd
File: t1cmtt.fd 1999/05/25 v2.5h Standard LaTeX font definitions
)
Underfull \hbox (badness 10000) in paragraph at lines 49--58

 []


Underfull \hbox (badness 10000) in paragraph at lines 49--58

 []


Overfull \hbox (17.4505pt too wide) in paragraph at lines 49--58
\T1/cmtt/m/it/12 Ringrazio sentitamente il mio relatore, Prof.Ing.Silvano Marte
llo,
 []


Overfull \hbox (17.4505pt too wide) in paragraph at lines 49--58
\T1/cmtt/m/it/12 e i miei correlatori, Prof.Ing.Daniele Vigo e Ing.Manuel Iori,
 per
 []


Overfull \hbox (5.10352pt too wide) in paragraph at lines 49--58
\T1/cmtt/m/it/12 la disponibilità e l'aiuto nello sviluppo del progetto di tesi
 e
 []


Overfull \hbox (17.4505pt too wide) in paragraph at lines 49--58
\T1/cmtt/m/it/12 Ringrazio soprattutto la mia Famiglia per il prezioso sostegno
, la
 []


Overfull \hbox (23.624pt too wide) in paragraph at lines 49--58
\T1/cmtt/m/it/12 fiducia, l'aiuto costante e i numerosi sacrifici; ringrazio in
oltre
 []


Overfull \hbox (35.97098pt too wide) in paragraph at lines 49--58
\T1/cmtt/m/it/12 tutti gli Amici e le persone che in questi anni mi sono stati 
vicini. 
 []


Underfull \hbox (badness 10000) in paragraph at lines 49--58

 []


Underfull \hbox (badness 10000) in paragraph at lines 49--58

 []


Underfull \hbox (badness 10000) in paragraph at lines 49--58

 []


Underfull \hbox (badness 10000) in paragraph at lines 49--58

 []


Underfull \hbox (badness 10000) in paragraph at lines 49--58

 []


Underfull \hbox (badness 10000) in paragraph at lines 49--58

 []


Underfull \hbox (badness 10000) in paragraph at lines 49--58

 []


Underfull \hbox (badness 10000) in paragraph at lines 49--58

 []


Underfull \hbox (badness 10000) in paragraph at lines 49--58

 []


Underfull \hbox (badness 10000) in paragraph at lines 49--58

 []


Underfull \hbox (badness 10000) in paragraph at lines 49--58

 []


Underfull \hbox (badness 10000) in paragraph at lines 49--58

 []


Underfull \hbox (badness 10000) in paragraph at lines 49--58

 []


Underfull \hbox (badness 10000) in paragraph at lines 49--58

 []


Underfull \hbox (badness 10000) in paragraph at lines 49--58

 []


Underfull \hbox (badness 10000) in paragraph at lines 49--58

 []

[1


] [2


]
LaTeX Font Info:    Try loading font information for OMS+cmr on input line 83.
 (/usr/share/texmf-texlive/tex/latex/base/omscmr.fd
File: omscmr.fd 1999/05/25 v2.5h Standard LaTeX font definitions
)
LaTeX Font Info:    Font shape `OMS/cmr/m/n' in size <12> not available
(Font)              Font shape `OMS/cmsy/m/n' tried instead on input line 83.
 [1

] [2]
Capitolo 1.
[1



] [2]
File: images/schema.eps Graphic file (type eps)
 <images/schema.eps>

LaTeX Warning: Float too large for page by 49.48288pt on input line 149.

[3]
Underfull \hbox (badness 10000) in paragraph at lines 153--157

 []


Underfull \hbox (badness 10000) in paragraph at lines 153--157

 []

[4] [5] [6] [7]
File: images/Knapsack.eps Graphic file (type eps)
 <images/Knapsack.eps> [8] [9]
Underfull \hbox (badness 10000) in paragraph at lines 242--248

 []

[10]
Underfull \hbox (badness 10000) in paragraph at lines 252--259

 []

[11]
Underfull \hbox (badness 10000) in paragraph at lines 282--288

 []

[12]
File: images/cronologia.eps Graphic file (type eps)
 <images/cronologia.eps>
Overfull \hbox (8.33492pt too wide) in paragraph at lines 291--292
 [][] 
 []


Underfull \hbox (badness 10000) in paragraph at lines 288--294

 []

File: images/binpacking.eps Graphic file (type eps)
<images/binpacking.eps>

LaTeX Warning: `h' float specifier changed to `ht'.

[13] [14]

LaTeX Warning: Reference `eq12' on page 15 undefined on input line 331.


Underfull \hbox (badness 10000) in paragraph at lines 330--335

 []

[15]
File: images/tabella.eps Graphic file (type eps)
 <images/tabella.eps>
Underfull \hbox (badness 10000) in paragraph at lines 336--350

 []


Underfull \hbox (badness 10000) in paragraph at lines 336--350

 []


Underfull \hbox (badness 10000) in paragraph at lines 336--350

 []


Underfull \hbox (badness 10000) in paragraph at lines 336--350

 []


Underfull \hbox (badness 10000) in paragraph at lines 336--350

 []


Underfull \hbox (badness 10000) in paragraph at lines 336--350

 []


LaTeX Warning: `h' float specifier changed to `ht'.

[16] [17] [18]
File: images/ghigliottina.eps Graphic file (type eps)
 <images/ghigliottina.eps> [19]
File: images/levelpack.eps Graphic file (type eps)
 <images/levelpack.eps>
File: images/scacchi1.eps Graphic file (type eps)

<images/scacchi1.eps>
File: images/scacchi2.eps Graphic file (type eps)
 <images/scacchi2.eps>
File: images/constrained.eps Graphic file (type eps)
 <images/constrained.eps>
Overfull \hbox (8.33578pt too wide) in paragraph at lines 402--403
 [][] 
 []

[20] [21] [22] [23]
File: images/levelpack2.eps Graphic file (type eps)
 <images/levelpack2.eps>

LaTeX Warning: `h' float specifier changed to `ht'.

[24]
File: images/TwoLBP.eps Graphic file (type eps)
 <images/TwoLBP.eps>

LaTeX Warning: `h' float specifier changed to `ht'.

[25] [26]
File: images/AD-algo.eps Graphic file (type eps)
 <images/AD-algo.eps>

LaTeX Warning: `h' float specifier changed to `ht'.

[27]
Underfull \hbox (badness 10000) in paragraph at lines 500--505

 []


Underfull \hbox (badness 10000) in paragraph at lines 500--505

 []

[28]
File: images/FS-algo.eps Graphic file (type eps)
 <images/FS-algo.eps> [29]
Underfull \hbox (badness 10000) in paragraph at lines 524--527

 []


Underfull \hbox (badness 10000) in paragraph at lines 524--527

 []

[30] [31] [32]
Underfull \hbox (badness 10000) in paragraph at lines 540--544

 []


Underfull \hbox (badness 10000) in paragraph at lines 540--544

 []


Underfull \hbox (badness 10000) in paragraph at lines 540--544

 []

[33]
File: images/2spp.eps Graphic file (type eps)
 <images/2spp.eps> [34]
File: images/corner.eps Graphic file (type eps)
 <images/corner.eps>
File: images/spp.eps Graphic file (type eps)
 <images/spp.eps>
Overfull \hbox (36.81877pt too wide) in paragraph at lines 565--566
 [][] 
 []

[35] [36]
Underfull \hbox (badness 10000) in paragraph at lines 570--574

 []

[37] [38]
Underfull \hbox (badness 10000) in paragraph at lines 605--605
[]\T1/cmr/bx/n/12 Dagli and
 []


Underfull \hbox (badness 10000) in paragraph at lines 605--605
\T1/cmr/bx/n/12 Po-shya-non-da
 []


Underfull \hbox (badness 10000) in paragraph at lines 607--607
[]\T1/cmr/bx/n/12 Liu and Teng
 []


Underfull \hbox (badness 10000) in paragraph at lines 615--615
[]\T1/cmr/bx/n/12 Mumford, Va-
 []


Underfull \hbox (badness 6125) in paragraph at lines 615--615
\T1/cmr/bx/n/12 len-zue-la et al.
 []


Underfull \hbox (badness 10000) in paragraph at lines 617--617
[]\T1/cmr/bx/n/12 Kr$[]$ger (1993,
 []


Underfull \hbox (badness 7451) in paragraph at lines 621--621
[]\T1/cmr/bx/n/12 Ratanapan and
 []


Underfull \hbox (badness 10000) in paragraph at lines 621--621
\T1/cmr/bx/n/12 Da-gli (1997,
 []


Underfull \hbox (badness 10000) in paragraph at lines 623--623
\T1/cmr/bx/n/12 and Mo-na-ci
 []


Overfull \hbox (1.8139pt too wide) in paragraph at lines 598--627
 [] 
 []

[39] [40]
Underfull \hbox (badness 10000) in paragraph at lines 649--655

 []

[41]
Underfull \hbox (badness 10000) in paragraph at lines 663--664

 []

File: images/mergeandfill.eps Graphic file (type eps)
<images/mergeandfill.eps>
Underfull \hbox (badness 10000) in paragraph at lines 665--679

 []


Underfull \hbox (badness 10000) in paragraph at lines 665--679

 []


LaTeX Warning: `h' float specifier changed to `ht'.

[42] [43] [44]
Underfull \vbox (badness 5490) has occurred while \output is active []

 [45]
[46] [47] [48] [49]
File: images/sim-ann1.eps Graphic file (type eps)
 <images/sim-ann1.eps>
File: images/sim-ann2.eps Graphic file (type eps)
 <images/sim-ann2.eps> [50]
Underfull \vbox (badness 10000) has occurred while \output is active []

 [51]
[52] [53] [54

]
Capitolo 2.
[55]
File: images/area1.eps Graphic file (type eps)
 <images/area1.eps> [56]
Underfull \hbox (badness 10000) in paragraph at lines 810--813

 []

[57]
File: images/area2.eps Graphic file (type eps)
 <images/area2.eps>

LaTeX Warning: `h' float specifier changed to `ht'.


Overfull \hbox (14.18477pt too wide) detected at line 842
\OML/cmm/m/it/12 M[] \OT1/cmr/m/n/12 = []
 []

[58]
File: images/area3.eps Graphic file (type eps)
 <images/area3.eps>
File: images/algorithm.eps Graphic file (type eps)
 <images/algorithm.eps>
Overfull \hbox (31.10118pt too wide) in paragraph at lines 857--858
[]  
 []


Underfull \hbox (badness 10000) in paragraph at lines 842--861

 []

[59] [60]
Overfull \hbox (27.97917pt too wide) detected at line 874
\OML/cmm/m/it/12 x[] \OT1/cmr/m/n/12 = []
 []

File: images/constraints.eps Graphic file (type eps)
<images/constraints.eps> [61]
Overfull \hbox (25.71619pt too wide) detected at line 901
\OML/cmm/m/it/12 ^^X[] \OT1/cmr/m/n/12 = []
 []

[62]
File: images/2strip.eps Graphic file (type eps)
 <images/2strip.eps>
File: images/2strip_2.eps Graphic file (type eps)
 <images/2strip_2.eps>

LaTeX Warning: `h' float specifier changed to `ht'.

[63]
File: images/matrix.eps Graphic file (type eps)
 <images/matrix.eps>

LaTeX Warning: `h' float specifier changed to `ht'.

[64] [65]
File: images/fortaleza1.eps Graphic file (type eps)
 <images/fortaleza1.eps>
File: images/fortaleza2.eps Graphic file (type eps)
 <images/fortaleza2.eps>
File: images/fortaleza3.eps Graphic file (type eps)

<images/fortaleza3.eps>
File: images/fortaleza4.eps Graphic file (type eps)
 <images/fortaleza4.eps>
Underfull \hbox (badness 10000) in paragraph at lines 959--993

 []


LaTeX Warning: `h' float specifier changed to `ht'.


Underfull \vbox (badness 4543) has occurred while \output is active []

 [66]
Underfull \vbox (badness 1939) has occurred while \output is active []

 [67]
[68]

LaTeX Warning: `h' float specifier changed to `ht'.

File: images/romont_high1.eps Graphic file (type eps)
<images/romont_high1.eps>
Underfull \vbox (badness 10000) has occurred while \output is active []

 [69]

LaTeX Warning: `h' float specifier changed to `ht'.

[70] [71]
File: images/romont_stands.eps Graphic file (type eps)
 <images/romont_stands.eps>
File: images/romont_fairground.eps Graphic file (type eps)
 <images/romont_fairground.eps>
File: images/romont_stand_types.eps Graphic file (type eps)

<images/romont_stand_types.eps>
File: images/romont_placement.eps Graphic file (type eps)
 <images/romont_placement.eps>
File: images/romont_path.eps Graphic file (type eps)

<images/romont_path.eps> [72]

LaTeX Warning: `h' float specifier changed to `ht'.

[73] [74]
File: images/romont_adjacency.eps Graphic file (type eps)
 <images/romont_adjacency.eps>
Overfull \hbox (22.568pt too wide) in paragraph at lines 1060--1061
 [][] 
 []


LaTeX Warning: `h' float specifier changed to `ht'.

File: images/romont_fairgr_adj.eps Graphic file (type eps)
<images/romont_fairgr_adj.eps>
File: images/romont_start.eps Graphic file (type eps)
 <images/romont_start.eps> [75] [76] [77]
File: images/romont_3_algorithms.eps Graphic file (type eps)

<images/romont_3_algorithms.eps>
Overfull \hbox (22.55931pt too wide) in paragraph at lines 1087--1088
 [][] 
 []


Underfull \hbox (badness 10000) in paragraph at lines 1083--1092

 []

[78] [79]
Underfull \hbox (badness 10000) in paragraph at lines 1098--1099
[]\T1/cmr/m/n/12 dimensioni del-la su-per-fi-cie
 []

File: images/algo1.eps Graphic file (type eps)
<images/algo1.eps>
Overfull \hbox (36.78351pt too wide) in paragraph at lines 1110--1111
 [][] 
 []

File: images/algo2.eps Graphic file (type eps)
<images/algo2.eps>
Overfull \hbox (36.7923pt too wide) in paragraph at lines 1115--1116
 [][] 
 []

File: images/algo3.eps Graphic file (type eps)
<images/algo3.eps>
Overfull \hbox (36.79622pt too wide) in paragraph at lines 1120--1121
 [][] 
 []


Underfull \hbox (badness 10000) in paragraph at lines 1105--1125

 []


Underfull \hbox (badness 10000) in paragraph at lines 1105--1125

 []

[80]

LaTeX Warning: `h' float specifier changed to `ht'.


LaTeX Warning: `h' float specifier changed to `ht'.

[81] [82]
Capitolo 3.
File: images/moduli2.eps Graphic file (type eps)
<images/moduli2.eps>
File: images/moduli.eps Graphic file (type eps)
 <images/moduli.eps>
Underfull \hbox (badness 10000) in paragraph at lines 1128--1141

 []

[83

]
File: images/levante_panorama.eps Graphic file (type eps)
 <images/levante_panorama.eps> [84] [85]
File: images/levante_planimetria.eps Graphic file (type eps)
 <images/levante_planimetria.eps>
Overfull \hbox (8.3491pt too wide) in paragraph at lines 1171--1172
 [][] 
 []

File: images/pad_levante.eps Graphic file (type eps)
<images/pad_levante.eps>
Overfull \hbox (22.57187pt too wide) in paragraph at lines 1219--1220
 [][] 
 []


Underfull \hbox (badness 10000) in paragraph at lines 1174--1225

 []

[86]

LaTeX Warning: `h' float specifier changed to `ht'.

File: images/bolzano_planimetria.eps Graphic file (type eps)
<images/bolzano_planimetria.eps> [87]

LaTeX Warning: `h' float specifier changed to `ht'.

[88]
File: images/fierabolzano.eps Graphic file (type eps)
 <images/fierabolzano.eps>
File: images/stand_bolzano.eps Graphic file (type eps)
 <images/stand_bolzano.eps>
File: images/pianobolzano.eps Graphic file (type eps)

<images/pianobolzano.eps>
Underfull \hbox (badness 10000) in paragraph at lines 1249--1285

 []


LaTeX Warning: `h' float specifier changed to `ht'.

[89]

LaTeX Warning: `h' float specifier changed to `ht'.


LaTeX Warning: `h' float specifier changed to `ht'.

[90]
File: images/stand_expo.eps Graphic file (type eps)
 <images/stand_expo.eps>

LaTeX Warning: `h' float specifier changed to `ht'.

File: images/lingotto.eps Graphic file (type eps)
<images/lingotto.eps>
Underfull \hbox (badness 1052) in paragraph at lines 1302--1302
[]\T1/cmr/m/it/12 Figura 3.11: \T1/cmr/m/it/10 pa-no-ra-mi-ca del quar-tie-re L
in-got-to Fie-re di To-ri-no se-de del-l'Ex-po
 []


LaTeX Warning: `h' float specifier changed to `ht'.

File: images/lingotto_plan.eps Graphic file (type eps)
<images/lingotto_plan.eps>
Overfull \hbox (65.24323pt too wide) in paragraph at lines 1319--1320
 [][] 
 []

File: images/pad_expo2008.eps Graphic file (type eps)
<images/pad_expo2008.eps>
Overfull \hbox (22.5791pt too wide) in paragraph at lines 1324--1325
 [][] 
 []


LaTeX Warning: Float too large for page by 75.04578pt on input line 1326.


Underfull \hbox (badness 10000) in paragraph at lines 1304--1328

 []


LaTeX Warning: `h' float specifier changed to `ht'.


LaTeX Warning: `h' float specifier changed to `ht'.


LaTeX Warning: `h' float specifier changed to `ht'.

[91]
Overfull \hbox (5.75198pt too wide) detected at line 1341
\OT1/cmr/m/n/12 ^^H[] = []
 []

[92] [93] [94] [95] [96]
Capitolo 4.
[97

]
File: images/pab11.eps Graphic file (type eps)
 <images/pab11.eps>
File: images/pab116.eps Graphic file (type eps)
 <images/pab116.eps>
File: images/pab129.eps Graphic file (type eps)
 <images/pab129.eps>

LaTeX Warning: `h' float specifier changed to `ht'.

[98]

LaTeX Warning: `h' float specifier changed to `ht'.

[99]

LaTeX Warning: `h' float specifier changed to `ht'.

[100]
Overfull \hbox (35.97098pt too wide) in paragraph at lines 1440--1440
[]\T1/cmtt/m/n/12 polygon; unlock; 0 0; 0 84; 16 100; 48 100; 48 81; 22 81; 18 
78; 18 0[] 
 []


Overfull \hbox (79.18542pt too wide) in paragraph at lines 1440--1440
[]\T1/cmtt/m/n/12 lock1; lock; 0 0; 0 84; 16 100; 24 100; 24 92; 18 92; 14 90; 
6 84; 4 76; 4 0[] 
 []

[101]
Overfull \hbox (38.56128pt too wide) in paragraph at lines 1453--1462
 [] 
 []

[102]
File: images/pad1_expo.eps Graphic file (type eps)
 <images/pad1_expo.eps>
File: images/pad2_expo.eps Graphic file (type eps)
 <images/pad2_expo.eps>

LaTeX Warning: `h' float specifier changed to `ht'.


LaTeX Warning: `h' float specifier changed to `ht'.

[103]
Overfull \hbox (35.97098pt too wide) in paragraph at lines 1544--1544
[]\T1/cmtt/m/n/12 lock2; lock; 0 199; 96 199; 96 124.52; 60 124.52; 60 174.52; 
0 174.52[] 
 []


Overfull \hbox (13.24512pt too wide) in paragraph at lines 1550--1571
 [] 
 []


LaTeX Warning: `!h' float specifier changed to `!ht'.

[104]

LaTeX Warning: `h' float specifier changed to `ht'.


LaTeX Warning: `h' float specifier changed to `ht'.

[105] [106] [107] [108]
Capitolo 5.

Underfull \vbox (badness 10000) has occurred while \output is active []

 [109

]
[110] [111



]
Underfull \hbox (badness 10000) in paragraph at lines 1664--1665
[]\T1/cmr/m/it/12 Operational Re-sear-ch at DEIS, Uni-ver-si-tà di Bo-lo-gna\T1
/cmr/m/n/12 ,
 []


Underfull \hbox (badness 10000) in paragraph at lines 1665--1666
[]\T1/cmr/m/it/12 Department of Com-pu-ter Scien-ce, Uni-ver-si-ty of Li-ver-po
ol\T1/cmr/m/n/12 ,
 []

[112] [113] (./tesi.aux)

LaTeX Warning: There were undefined references.


LaTeX Warning: There were multiply-defined labels.

 ) 
Here is how much of TeX's memory you used:
 2662 strings out of 94102
 31989 string characters out of 1165833
 91070 words of memory out of 1500000
 5809 multiletter control sequences out of 10000+50000
 25008 words of font info for 67 fonts, out of 1200000 for 2000
 637 hyphenation exceptions out of 8191
 31i,12n,43p,1953b,396s stack positions out of 5000i,500n,6000p,200000b,5000s

Output written on tesi.dvi (119 pages, 274092 bytes).
